<?xml version="1.0" encoding="UTF-8"?>
<!-- Generated by org.testng.reporters.JUnitReportReporter -->
<testsuite skipped="0" hostname="Balu" name="qaclickacademy.AppiumTest" tests="2" failures="0" timestamp="17 Dec 2019 18:29:51 GMT" time="0.019" errors="0">
  <testcase name="IOSApps" time="0.011" classname="qaclickacademy.AppiumTest"/>
  <testcase name="adroidApps" time="0.008" classname="qaclickacademy.AppiumTest"/>
</testsuite> <!-- qaclickacademy.AppiumTest -->
