<?xml version="1.0" encoding="UTF-8"?>
<!-- Generated by org.testng.reporters.JUnitReportReporter -->
<testsuite skipped="0" hostname="Balu" name="qaclickacademy.RestAPITest" tests="2" failures="0" timestamp="17 Dec 2019 18:29:51 GMT" time="0.038" errors="0">
  <testcase name="deleteTwitter" time="0.017" classname="qaclickacademy.RestAPITest"/>
  <testcase name="postjira" time="0.021" classname="qaclickacademy.RestAPITest"/>
</testsuite> <!-- qaclickacademy.RestAPITest -->
