<?xml version="1.0" encoding="UTF-8"?>
<!-- Generated by org.testng.reporters.JUnitReportReporter -->
<testsuite skipped="0" hostname="Balu" name="qaclickacademy.SeleniumTest" tests="2" failures="0" timestamp="17 Dec 2019 18:51:52 GMT" time="11.232" errors="0">
  <testcase name="BrowserAutomation" time="11.226" classname="qaclickacademy.SeleniumTest"/>
  <testcase name="elementsUI" time="0.006" classname="qaclickacademy.SeleniumTest"/>
</testsuite> <!-- qaclickacademy.SeleniumTest -->
