<?xml version="1.0" encoding="UTF-8"?>
<!-- Generated by org.testng.reporters.JUnitReportReporter -->
<testsuite skipped="0" hostname="Balu" name="qaclickacademy.DthTest" tests="2" failures="0" timestamp="13 Dec 2019 20:40:22 GMT" time="0.002" errors="0">
  <testcase name="on" time="0.001" classname="qaclickacademy.DthTest"/>
  <testcase name="off" time="0.001" classname="qaclickacademy.DthTest"/>
</testsuite> <!-- qaclickacademy.DthTest -->
