<?xml version="1.0" encoding="UTF-8"?>
<!-- Generated by org.testng.reporters.JUnitReportReporter -->
<testsuite skipped="0" hostname="Balu" name="qaclickacademy.RestAPITest" tests="2" failures="0" timestamp="17 Dec 2019 22:10:45 GMT" time="0.001" errors="0">
  <testcase name="postjira" time="0.000" classname="qaclickacademy.RestAPITest"/>
  <testcase name="deleteTwitter" time="0.001" classname="qaclickacademy.RestAPITest"/>
</testsuite> <!-- qaclickacademy.RestAPITest -->
